#
# There is insufficient memory for the Java Runtime Environment to continue.
# Native memory allocation (mmap) failed to map 257949696 bytes for G1 virtual space
# Possible reasons:
#   The system is out of physical RAM or swap space
#   The process is running with CompressedOops enabled, and the Java Heap may be blocking the growth of the native heap
# Possible solutions:
#   Reduce memory load on the system
#   Increase physical memory or swap space
#   Check if swap backing store is full
#   Decrease Java heap size (-Xmx/-Xms)
#   Decrease number of Java threads
#   Decrease Java thread stack sizes (-Xss)
#   Set larger code cache with -XX:ReservedCodeCacheSize=
#   JVM is running with Zero Based Compressed Oops mode in which the Java heap is
#     placed in the first 32GB address space. The Java Heap base address is the
#     maximum limit for the native heap growth. Please use -XX:HeapBaseMinAddress
#     to set the Java Heap base and to place the Java Heap above 32GB virtual address.
# This output file may be truncated or incomplete.
#
#  Out of Memory Error (os_windows.cpp:3548), pid=36256, tid=21640
#
# JRE version:  (17.0.12+8) (build )
# Java VM: Java HotSpot(TM) 64-Bit Server VM (17.0.12+8-LTS-286, mixed mode, sharing, tiered, compressed oops, compressed class ptrs, g1 gc, windows-amd64)
# No core dump will be written. Minidumps are not enabled by default on client versions of Windows
#

---------------  S U M M A R Y ------------

Command Line: -Dclassworlds.conf=C:\Program Files\maven\apache-maven-3.9.13\bin\m2.conf -Dmaven.home=C:\Program Files\maven\apache-maven-3.9.13 -Dlibrary.jansi.path=C:\Program Files\maven\apache-maven-3.9.13\lib\jansi-native -Dmaven.multiModuleProjectDirectory=N:\health_AI\backend org.codehaus.plexus.classworlds.launcher.Launcher spring-boot:run -Dspring-boot .run.jvmArguments=-Xmx256m -Xms128m

Host: AMD Ryzen 5 7520U with Radeon Graphics         , 8 cores, 15G,  Windows 11 , 64 bit Build 26100 (10.0.26100.7920)
Time: Thu Apr  2 11:13:21 2026 India Standard Time elapsed time: 0.021370 seconds (0d 0h 0m 0s)

---------------  T H R E A D  ---------------

Current thread (0x000001d1932c0c00):  JavaThread "Unknown thread" [_thread_in_vm, id=21640, stack(0x00000097eeb00000,0x00000097eec00000)]

Stack: [0x00000097eeb00000,0x00000097eec00000]
Native frames: (J=compiled Java code, j=interpreted, Vv=VM code, C=native code)
V  [jvm.dll+0x67a04a]
V  [jvm.dll+0x7da4ed]
V  [jvm.dll+0x7dbe33]
V  [jvm.dll+0x7dc4a3]
V  [jvm.dll+0x24508f]
V  [jvm.dll+0x677089]
V  [jvm.dll+0x66bd32]
V  [jvm.dll+0x301fa6]
V  [jvm.dll+0x309546]
V  [jvm.dll+0x359d2e]
V  [jvm.dll+0x359f5f]
V  [jvm.dll+0x2d9078]
V  [jvm.dll+0x2d9fe4]
V  [jvm.dll+0x7aca21]
V  [jvm.dll+0x367591]
V  [jvm.dll+0x78b999]
V  [jvm.dll+0x3ec83f]
V  [jvm.dll+0x3ee471]
C  [jli.dll+0x5297]
C  [ucrtbase.dll+0x37b0]
C  [KERNEL32.DLL+0x2e8d7]
C  [ntdll.dll+0x8c48c]


---------------  P R O C E S S  ---------------

Threads class SMR info:
_java_thread_list=0x00007ffcfec97a18, length=0, elements={
}

Java Threads: ( => current thread )

Other Threads:
  0x000001d19332b2f0 GCTaskThread "GC Thread#0" [stack: 0x00000097eec00000,0x00000097eed00000] [id=3168]
  0x000001d19333d5d0 ConcurrentGCThread "G1 Main Marker" [stack: 0x00000097eed00000,0x00000097eee00000] [id=36924]
  0x000001d19333dee0 ConcurrentGCThread "G1 Conc#0" [stack: 0x00000097eee00000,0x00000097eef00000] [id=19924]

[error occurred during error reporting (printing all threads), id 0xc0000005, EXCEPTION_ACCESS_VIOLATION (0xc0000005) at pc=0x00007ffcfe4c9b67]

VM state: not at safepoint (not fully initialized)

VM Mutex/Monitor currently owned by a thread:  ([mutex/lock_event])
[0x000001d1932bf910] Heap_lock - owner thread: 0x000001d1932c0c00

Heap address: 0x000000070b800000, size: 3912 MB, Compressed Oops mode: Zero based, Oop shift amount: 3

CDS archive(s) mapped at: [0x0000000000000000-0x0000000000000000-0x0000000000000000), size 0, SharedBaseAddress: 0x0000000800000000, ArchiveRelocationMode: 1.
Narrow klass base: 0x0000000000000000, Narrow klass shift: 0, Narrow klass range: 0x0

GC Precious Log:
<Empty>

Heap:
 garbage-first heap   total 0K, used 0K [0x000000070b800000, 0x0000000800000000)
  region size 2048K, 0 young (0K), 0 survivors (0K)

[error occurred during error reporting (printing heap information), id 0xc0000005, EXCEPTION_ACCESS_VIOLATION (0xc0000005) at pc=0x00007ffcfe8b3859]

GC Heap History (0 events):
No events

Deoptimization events (0 events):
No events

Classes unloaded (0 events):
No events

Classes redefined (0 events):
No events

Internal exceptions (0 events):
No events

VM Operations (0 events):
No events

Events (1 events):
Event: 0.013 Loaded shared library C:\Program Files\Java\jdk-17\bin\java.dll


Dynamic libraries:
0x00007ff6feba0000 - 0x00007ff6febb0000 	C:\Program Files\Java\jdk-17\bin\java.exe
0x00007ffdecee0000 - 0x00007ffded147000 	C:\WINDOWS\SYSTEM32\ntdll.dll
0x00007ffdec090000 - 0x00007ffdec159000 	C:\WINDOWS\System32\KERNEL32.DLL
0x00007ffdea4b0000 - 0x00007ffdea8a1000 	C:\WINDOWS\System32\KERNELBASE.dll
0x00007ffdea1a0000 - 0x00007ffdea2eb000 	C:\WINDOWS\System32\ucrtbase.dll
0x00007ffd6b690000 - 0x00007ffd6b6a9000 	C:\Program Files\Java\jdk-17\bin\jli.dll
0x00007ffd6b1c0000 - 0x00007ffd6b1db000 	C:\Program Files\Java\jdk-17\bin\VCRUNTIME140.dll
0x00007ffdeb580000 - 0x00007ffdeb63b000 	C:\WINDOWS\System32\ADVAPI32.dll
0x00007ffdeb2b0000 - 0x00007ffdeb359000 	C:\WINDOWS\System32\msvcrt.dll
0x00007ffdec4c0000 - 0x00007ffdec567000 	C:\WINDOWS\System32\sechost.dll
0x00007ffdec160000 - 0x00007ffdec278000 	C:\WINDOWS\System32\RPCRT4.dll
0x00007ffdeacb0000 - 0x00007ffdeae75000 	C:\WINDOWS\System32\USER32.dll
0x00007ffdeaa20000 - 0x00007ffdeaa47000 	C:\WINDOWS\System32\win32u.dll
0x00007ffdeac80000 - 0x00007ffdeacab000 	C:\WINDOWS\System32\GDI32.dll
0x00007ffdea380000 - 0x00007ffdea4ab000 	C:\WINDOWS\System32\gdi32full.dll
0x00007ffdeaa50000 - 0x00007ffdeaaf3000 	C:\WINDOWS\System32\msvcp_win.dll
0x00007ffdd7d30000 - 0x00007ffdd7fc3000 	C:\WINDOWS\WinSxS\amd64_microsoft.windows.common-controls_6595b64144ccf1df_6.0.26100.8037_none_3e092faae333b53b\COMCTL32.dll
0x00007ffde92a0000 - 0x00007ffde92ab000 	C:\WINDOWS\SYSTEM32\VERSION.dll
0x00007ffdece10000 - 0x00007ffdece41000 	C:\WINDOWS\System32\IMM32.DLL
0x000000006a670000 - 0x000000006a67d000 	C:\Program Files (x86)\360\Total Security\safemon\SafeWrapper.dll
0x00007ffde4bb0000 - 0x00007ffde4cb5000 	C:\Program Files (x86)\360\Total Security\safemon\libzdtp64.dll
0x00007ffdeb640000 - 0x00007ffdebd9f000 	C:\WINDOWS\System32\SHELL32.dll
0x00007ffdea8b0000 - 0x00007ffdeaa1a000 	C:\WINDOWS\System32\wintypes.dll
0x00007ffdeca70000 - 0x00007ffdecdf2000 	C:\WINDOWS\System32\combase.dll
0x00007ffdebdb0000 - 0x00007ffdebe17000 	C:\WINDOWS\System32\SHLWAPI.dll
0x00007ffde9880000 - 0x00007ffdea0e4000 	C:\WINDOWS\System32\Windows.Storage.dll
0x00007ffdb5940000 - 0x00007ffdb594c000 	C:\Program Files\Java\jdk-17\bin\vcruntime140_1.dll
0x00007ffd245e0000 - 0x00007ffd2466e000 	C:\Program Files\Java\jdk-17\bin\msvcp140.dll
0x00007ffcfe1e0000 - 0x00007ffcfedc0000 	C:\Program Files\Java\jdk-17\bin\server\jvm.dll
0x00007ffdeb540000 - 0x00007ffdeb548000 	C:\WINDOWS\System32\PSAPI.DLL
0x00007ffddf240000 - 0x00007ffddf275000 	C:\WINDOWS\SYSTEM32\WINMM.dll
0x00007ffdcf340000 - 0x00007ffdcf34a000 	C:\WINDOWS\SYSTEM32\WSOCK32.dll
0x00007ffdeaf30000 - 0x00007ffdeafa4000 	C:\WINDOWS\System32\WS2_32.dll
0x00007ffde84e0000 - 0x00007ffde84fb000 	C:\WINDOWS\SYSTEM32\kernel.appcore.dll
0x00007ffdb3670000 - 0x00007ffdb367a000 	C:\Program Files\Java\jdk-17\bin\jimage.dll
0x00007ffddddf0000 - 0x00007ffdde032000 	C:\WINDOWS\SYSTEM32\DBGHELP.DLL
0x00007ffdeb360000 - 0x00007ffdeb437000 	C:\WINDOWS\System32\OLEAUT32.dll
0x00007ffdd4600000 - 0x00007ffdd463b000 	C:\WINDOWS\SYSTEM32\dbgcore.DLL
0x00007ffdea0f0000 - 0x00007ffdea195000 	C:\WINDOWS\System32\bcryptPrimitives.dll
0x00007ffd6b090000 - 0x00007ffd6b0b5000 	C:\Program Files\Java\jdk-17\bin\java.dll

dbghelp: loaded successfully - version: 4.0.5 - missing functions: none
symbol engine: initialized successfully - sym options: 0x614 - pdb path: .;C:\Program Files\Java\jdk-17\bin;C:\WINDOWS\SYSTEM32;C:\WINDOWS\WinSxS\amd64_microsoft.windows.common-controls_6595b64144ccf1df_6.0.26100.8037_none_3e092faae333b53b;C:\Program Files (x86)\360\Total Security\safemon;C:\Program Files\Java\jdk-17\bin\server

VM Arguments:
jvm_args: -Dclassworlds.conf=C:\Program Files\maven\apache-maven-3.9.13\bin\m2.conf -Dmaven.home=C:\Program Files\maven\apache-maven-3.9.13 -Dlibrary.jansi.path=C:\Program Files\maven\apache-maven-3.9.13\lib\jansi-native -Dmaven.multiModuleProjectDirectory=N:\health_AI\backend 
java_command: org.codehaus.plexus.classworlds.launcher.Launcher spring-boot:run -Dspring-boot .run.jvmArguments=-Xmx256m -Xms128m
java_class_path (initial): C:\Program Files\maven\apache-maven-3.9.13\boot\plexus-classworlds-2.9.0.jar
Launcher Type: SUN_STANDARD

[Global flags]
     intx CICompilerCount                          = 4                                         {product} {ergonomic}
     uint ConcGCThreads                            = 2                                         {product} {ergonomic}
     uint G1ConcRefinementThreads                  = 8                                         {product} {ergonomic}
   size_t G1HeapRegionSize                         = 2097152                                   {product} {ergonomic}
    uintx GCDrainStackTargetSize                   = 64                                        {product} {ergonomic}
   size_t InitialHeapSize                          = 257949696                                 {product} {ergonomic}
   size_t MarkStackSize                            = 4194304                                   {product} {ergonomic}
   size_t MaxHeapSize                              = 4102029312                                {product} {ergonomic}
   size_t MinHeapDeltaBytes                        = 2097152                                   {product} {ergonomic}
   size_t MinHeapSize                              = 8388608                                   {product} {ergonomic}
    uintx NonNMethodCodeHeapSize                   = 5839372                                {pd product} {ergonomic}
    uintx NonProfiledCodeHeapSize                  = 122909434                              {pd product} {ergonomic}
    uintx ProfiledCodeHeapSize                     = 122909434                              {pd product} {ergonomic}
    uintx ReservedCodeCacheSize                    = 251658240                              {pd product} {ergonomic}
     bool SegmentedCodeCache                       = true                                      {product} {ergonomic}
   size_t SoftMaxHeapSize                          = 4102029312                             {manageable} {ergonomic}
     bool UseCompressedClassPointers               = true                           {product lp64_product} {ergonomic}
     bool UseCompressedOops                        = true                           {product lp64_product} {ergonomic}
     bool UseG1GC                                  = true                                      {product} {ergonomic}
     bool UseLargePagesIndividualAllocation        = false                                  {pd product} {ergonomic}

Logging:
Log output configuration:
 #0: stdout all=warning uptime,level,tags
 #1: stderr all=off uptime,level,tags

Environment Variables:
JAVA_HOME=C:\Program Files\Java\jdk-17
PATH=C:\Ruby34-x64\bin;C:\Python314\Scripts\;C:\Python314\;C:\Program Files\Common Files\Oracle\Java\javapath;C:\WINDOWS\system32;C:\WINDOWS;C:\WINDOWS\System32\Wbem;C:\WINDOWS\System32\WindowsPowerShell\v1.0\;C:\WINDOWS\System32\OpenSSH\;C:\Program Files\Git\cmd;C:\Users\nivet\AppData\Local\Programs\python;C:\Users\nivet\AppData\Local\Programs\Python\Python312\Scripts;C:\Program Files\MATLAB\R2025a\bin;C:\Program Files\Java\jdk-17;%JAVA_HOME%\bin;C:\Program Files\Java\jdk-17\bin;C:\Program Files\nodejs\;C:\ProgramData\chocolatey\bin;C:\Program Files\Amazon\AWSCLIV2\;C:\Users\nivet\AppData\Local\Programs\Python\Python311\Scripts\;C:\Users\nivet\AppData\Local\Programs\Python\Python311\;C:\Users\nivet\AppData\Local\Programs\Python\Python312\Scripts\;C:\Users\nivet\AppData\Local\Programs\Python\Python312\;C:\Users\nivet\AppData\Local\Microsoft\WindowsApps;C:\Users\nivet\AppData\Local\GitHubDesktop\bin;C:\Program Files\JetBrains\PyCharm 2025.1.1\bin;;C:\Users\nivet\AppData\Local\Programs\Microsoft VS Code\bin;C:\Users\nivet\AppData\Roaming\npm;D:\Antigravity\bin;C:\Program Files\maven\apache-maven-3.9.13\bin;
USERNAME=S.K.Nivethitha
LANG=en_US.UTF-8
OS=Windows_NT
PROCESSOR_IDENTIFIER=AMD64 Family 23 Model 160 Stepping 0, AuthenticAMD



---------------  S Y S T E M  ---------------

OS:
 Windows 11 , 64 bit Build 26100 (10.0.26100.7920)
OS uptime: 18 days 23:34 hours
Hyper-V role detected

CPU: total 8 (initial active 8) (8 cores per cpu, 2 threads per core) family 23 model 160 stepping 0 microcode 0x8a00006, cx8, cmov, fxsr, ht, mmx, 3dnowpref, sse, sse2, sse3, ssse3, sse4a, sse4.1, sse4.2, popcnt, lzcnt, tsc, tscinvbit, avx, avx2, aes, clmul, bmi1, bmi2, adx, sha, fma, vzeroupper, clflush, clflushopt, hv

Memory: 4k page, system-wide physical 15647M (2443M free)
TotalPageFile size 21176M (AvailPageFile size 233M)
current process WorkingSet (physical memory assigned to process): 14M, peak: 14M
current process commit charge ("private bytes"): 60M, peak: 306M

vm_info: Java HotSpot(TM) 64-Bit Server VM (17.0.12+8-LTS-286) for windows-amd64 JRE (17.0.12+8-LTS-286), built on Jun  5 2024 06:46:59 by "mach5one" with MS VC++ 17.6 (VS2022)

END.
